0 info it worked if it ends with ok
1 verbose cli [ '/usr/local/bin/node', '/usr/local/bin/npm', 'start' ]
2 info using npm@3.10.10
3 info using node@v6.11.0
4 verbose run-script [ 'prestart', 'start', 'poststart' ]
5 info lifecycle ssk-front-end-v2@0.0.0~prestart: ssk-front-end-v2@0.0.0
6 silly lifecycle ssk-front-end-v2@0.0.0~prestart: no script for prestart, continuing
7 info lifecycle ssk-front-end-v2@0.0.0~start: ssk-front-end-v2@0.0.0
8 verbose lifecycle ssk-front-end-v2@0.0.0~start: unsafe-perm in lifecycle true
9 verbose lifecycle ssk-front-end-v2@0.0.0~start: PATH: /usr/local/lib/node_modules/npm/bin/node-gyp-bin:/Users/ltadonfo/IdeaProjects/SSK-FrontEnd-v2/node_modules/.bin:/usr/local/sbin:/Users/ltadonfo/Projects/elasticsearch-2.4.0/bin:/Library/Java/JavaVirtualMachines/jdk1.8.0_144.jdk/Contents/Home/bin:/Library/Frameworks/Python.framework/Versions/3.6/bin:/Applications/anaconda/bin:/usr/local/bin:/usr/bin:/bin:/usr/sbin:/sbin:/Library/TeX/texbin
10 verbose lifecycle ssk-front-end-v2@0.0.0~start: CWD: /Users/ltadonfo/IdeaProjects/SSK-FrontEnd-v2
11 silly lifecycle ssk-front-end-v2@0.0.0~start: Args: [ '-c', 'webpack-dev-server --port=4200' ]
12 silly lifecycle ssk-front-end-v2@0.0.0~start: Returned: code: 1  signal: null
13 info lifecycle ssk-front-end-v2@0.0.0~start: Failed to exec start script
14 verbose stack Error: ssk-front-end-v2@0.0.0 start: `webpack-dev-server --port=4200`
14 verbose stack Exit status 1
14 verbose stack     at EventEmitter.<anonymous> (/usr/local/lib/node_modules/npm/lib/utils/lifecycle.js:255:16)
14 verbose stack     at emitTwo (events.js:106:13)
14 verbose stack     at EventEmitter.emit (events.js:191:7)
14 verbose stack     at ChildProcess.<anonymous> (/usr/local/lib/node_modules/npm/lib/utils/spawn.js:40:14)
14 verbose stack     at emitTwo (events.js:106:13)
14 verbose stack     at ChildProcess.emit (events.js:191:7)
14 verbose stack     at maybeClose (internal/child_process.js:891:16)
14 verbose stack     at Process.ChildProcess._handle.onexit (internal/child_process.js:226:5)
15 verbose pkgid ssk-front-end-v2@0.0.0
16 verbose cwd /Users/ltadonfo/IdeaProjects/SSK-FrontEnd-v2
17 error Darwin 16.7.0
18 error argv "/usr/local/bin/node" "/usr/local/bin/npm" "start"
19 error node v6.11.0
20 error npm  v3.10.10
21 error code ELIFECYCLE
22 error ssk-front-end-v2@0.0.0 start: `webpack-dev-server --port=4200`
22 error Exit status 1
23 error Failed at the ssk-front-end-v2@0.0.0 start script 'webpack-dev-server --port=4200'.
23 error Make sure you have the latest version of node.js and npm installed.
23 error If you do, this is most likely a problem with the ssk-front-end-v2 package,
23 error not with npm itself.
23 error Tell the author that this fails on your system:
23 error     webpack-dev-server --port=4200
23 error You can get information on how to open an issue for this project with:
23 error     npm bugs ssk-front-end-v2
23 error Or if that isn't available, you can get their info via:
23 error     npm owner ls ssk-front-end-v2
23 error There is likely additional logging output above.
24 verbose exit [ 1, true ]
