[2018-06-16 06:12:53,336][DEBUG][action.admin.indices.mapping.put] [Stuntmaster] failed to put mappings on indices [[ssk]], type [scenario]
java.lang.IllegalArgumentException: Field [_source] is defined both as an object and a field in [scenario]
	at org.elasticsearch.index.mapper.MapperService.checkFieldUniqueness(MapperService.java:494)
	at org.elasticsearch.index.mapper.MapperService.merge(MapperService.java:376)
	at org.elasticsearch.index.mapper.MapperService.merge(MapperService.java:320)
	at org.elasticsearch.cluster.metadata.MetaDataMappingService$PutMappingExecutor.applyRequest(MetaDataMappingService.java:306)
	at org.elasticsearch.cluster.metadata.MetaDataMappingService$PutMappingExecutor.execute(MetaDataMappingService.java:230)
	at org.elasticsearch.cluster.service.InternalClusterService.runTasksForExecutor(InternalClusterService.java:468)
	at org.elasticsearch.cluster.service.InternalClusterService$UpdateTask.run(InternalClusterService.java:772)
	at org.elasticsearch.common.util.concurrent.PrioritizedEsThreadPoolExecutor$TieBreakingPrioritizedRunnable.runAndClean(PrioritizedEsThreadPoolExecutor.java:231)
	at org.elasticsearch.common.util.concurrent.PrioritizedEsThreadPoolExecutor$TieBreakingPrioritizedRunnable.run(PrioritizedEsThreadPoolExecutor.java:194)
	at java.util.concurrent.ThreadPoolExecutor.runWorker(ThreadPoolExecutor.java:1149)
	at java.util.concurrent.ThreadPoolExecutor$Worker.run(ThreadPoolExecutor.java:624)
	at java.lang.Thread.run(Thread.java:748)
[2018-06-16 06:12:53,375][DEBUG][action.index             ] [Stuntmaster] failed to execute [index {[ssk][scenario][AWP9aJLHP22ArcfgM5eM], source[{"_source": {"include": ["*.desc.lang","*.desc.content"],"exclude": ["*.listEvent.*","*.text.div","*.desc.term", "*.desc.type", "*.teiHeader.*" ]}}]}] on [[ssk][3]]
java.lang.IllegalArgumentException: Field [_source] is defined both as an object and a field in [scenario]
	at org.elasticsearch.index.mapper.MapperService.checkFieldUniqueness(MapperService.java:494)
	at org.elasticsearch.index.mapper.MapperService.merge(MapperService.java:376)
	at org.elasticsearch.index.mapper.MapperService.merge(MapperService.java:320)
	at org.elasticsearch.cluster.metadata.MetaDataMappingService$PutMappingExecutor.applyRequest(MetaDataMappingService.java:306)
	at org.elasticsearch.cluster.metadata.MetaDataMappingService$PutMappingExecutor.execute(MetaDataMappingService.java:230)
	at org.elasticsearch.cluster.service.InternalClusterService.runTasksForExecutor(InternalClusterService.java:468)
	at org.elasticsearch.cluster.service.InternalClusterService$UpdateTask.run(InternalClusterService.java:772)
	at org.elasticsearch.common.util.concurrent.PrioritizedEsThreadPoolExecutor$TieBreakingPrioritizedRunnable.runAndClean(PrioritizedEsThreadPoolExecutor.java:231)
	at org.elasticsearch.common.util.concurrent.PrioritizedEsThreadPoolExecutor$TieBreakingPrioritizedRunnable.run(PrioritizedEsThreadPoolExecutor.java:194)
	at java.util.concurrent.ThreadPoolExecutor.runWorker(ThreadPoolExecutor.java:1149)
	at java.util.concurrent.ThreadPoolExecutor$Worker.run(ThreadPoolExecutor.java:624)
	at java.lang.Thread.run(Thread.java:748)
[2018-06-16 06:16:54,781][DEBUG][action.index             ] [Stuntmaster] failed to execute [index {[ssk][scenario][AWP9avbTP22ArcfgM5iJ], source[{"query":{"has_child" : {"type" : "scenario_metadata","query" : {"match_all": {}},"inner_hits" : {} }},"_source":false}"]}] on [[ssk][4]]
MapperParsingException[Cannot generate dynamic mappings of type [_source] for [_source]]
	at org.elasticsearch.index.mapper.DocumentParser.createBuilderFromFieldType(DocumentParser.java:506)
	at org.elasticsearch.index.mapper.DocumentParser.parseDynamicValue(DocumentParser.java:616)
	at org.elasticsearch.index.mapper.DocumentParser.parseValue(DocumentParser.java:444)
	at org.elasticsearch.index.mapper.DocumentParser.parseObject(DocumentParser.java:264)
	at org.elasticsearch.index.mapper.DocumentParser.parseDocument(DocumentParser.java:124)
	at org.elasticsearch.index.mapper.DocumentMapper.parse(DocumentMapper.java:309)
	at org.elasticsearch.index.shard.IndexShard.prepareIndex(IndexShard.java:580)
	at org.elasticsearch.index.shard.IndexShard.prepareIndexOnPrimary(IndexShard.java:559)
	at org.elasticsearch.action.index.TransportIndexAction.prepareIndexOperationOnPrimary(TransportIndexAction.java:211)
	at org.elasticsearch.action.index.TransportIndexAction.executeIndexRequestOnPrimary(TransportIndexAction.java:223)
	at org.elasticsearch.action.index.TransportIndexAction.shardOperationOnPrimary(TransportIndexAction.java:157)
	at org.elasticsearch.action.index.TransportIndexAction.shardOperationOnPrimary(TransportIndexAction.java:66)
	at org.elasticsearch.action.support.replication.TransportReplicationAction$PrimaryPhase.doRun(TransportReplicationAction.java:648)
	at org.elasticsearch.common.util.concurrent.AbstractRunnable.run(AbstractRunnable.java:37)
	at org.elasticsearch.action.support.replication.TransportReplicationAction$PrimaryOperationTransportHandler.messageReceived(TransportReplicationAction.java:279)
	at org.elasticsearch.action.support.replication.TransportReplicationAction$PrimaryOperationTransportHandler.messageReceived(TransportReplicationAction.java:271)
	at org.elasticsearch.transport.RequestHandlerRegistry.processMessageReceived(RequestHandlerRegistry.java:77)
	at org.elasticsearch.transport.TransportService$4.doRun(TransportService.java:376)
	at org.elasticsearch.common.util.concurrent.AbstractRunnable.run(AbstractRunnable.java:37)
	at java.util.concurrent.ThreadPoolExecutor.runWorker(ThreadPoolExecutor.java:1149)
	at java.util.concurrent.ThreadPoolExecutor$Worker.run(ThreadPoolExecutor.java:624)
	at java.lang.Thread.run(Thread.java:748)
[2018-06-16 06:56:47,212][DEBUG][action.index             ] [Stuntmaster] failed to execute [index {[ssk][scenario][AWP9ae0VP22ArcfgM5gj], source[{"query":{"has_child" : {"type" : "scenario_metadata","query" : {"match_all": {}},"inner_hits" : {} }},"_source":false}"]}] on [[ssk][3]]
MapperParsingException[Cannot generate dynamic mappings of type [_source] for [_source]]
	at org.elasticsearch.index.mapper.DocumentParser.createBuilderFromFieldType(DocumentParser.java:506)
	at org.elasticsearch.index.mapper.DocumentParser.parseDynamicValue(DocumentParser.java:616)
	at org.elasticsearch.index.mapper.DocumentParser.parseValue(DocumentParser.java:444)
	at org.elasticsearch.index.mapper.DocumentParser.parseObject(DocumentParser.java:264)
	at org.elasticsearch.index.mapper.DocumentParser.parseDocument(DocumentParser.java:124)
	at org.elasticsearch.index.mapper.DocumentMapper.parse(DocumentMapper.java:309)
	at org.elasticsearch.index.shard.IndexShard.prepareIndex(IndexShard.java:580)
	at org.elasticsearch.index.shard.IndexShard.prepareIndexOnPrimary(IndexShard.java:559)
	at org.elasticsearch.action.index.TransportIndexAction.prepareIndexOperationOnPrimary(TransportIndexAction.java:211)
	at org.elasticsearch.action.index.TransportIndexAction.executeIndexRequestOnPrimary(TransportIndexAction.java:223)
	at org.elasticsearch.action.index.TransportIndexAction.shardOperationOnPrimary(TransportIndexAction.java:157)
	at org.elasticsearch.action.index.TransportIndexAction.shardOperationOnPrimary(TransportIndexAction.java:66)
	at org.elasticsearch.action.support.replication.TransportReplicationAction$PrimaryPhase.doRun(TransportReplicationAction.java:648)
	at org.elasticsearch.common.util.concurrent.AbstractRunnable.run(AbstractRunnable.java:37)
	at org.elasticsearch.action.support.replication.TransportReplicationAction$PrimaryOperationTransportHandler.messageReceived(TransportReplicationAction.java:279)
	at org.elasticsearch.action.support.replication.TransportReplicationAction$PrimaryOperationTransportHandler.messageReceived(TransportReplicationAction.java:271)
	at org.elasticsearch.transport.RequestHandlerRegistry.processMessageReceived(RequestHandlerRegistry.java:77)
	at org.elasticsearch.transport.TransportService$4.doRun(TransportService.java:376)
	at org.elasticsearch.common.util.concurrent.AbstractRunnable.run(AbstractRunnable.java:37)
	at java.util.concurrent.ThreadPoolExecutor.runWorker(ThreadPoolExecutor.java:1149)
	at java.util.concurrent.ThreadPoolExecutor$Worker.run(ThreadPoolExecutor.java:624)
	at java.lang.Thread.run(Thread.java:748)
[2018-06-16 07:23:39,448][DEBUG][action.index             ] [Stuntmaster] failed to execute [index {[ssk][scenario][AWP9a7AiP22ArcfgM5jj], source[{"query":{"has_child" : {"type" : "scenario_metadata","query" : {"match_all": {}},"inner_hits" : {} }},"_source":false}"]}] on [[ssk][3]]
MapperParsingException[Cannot generate dynamic mappings of type [_source] for [_source]]
	at org.elasticsearch.index.mapper.DocumentParser.createBuilderFromFieldType(DocumentParser.java:506)
	at org.elasticsearch.index.mapper.DocumentParser.parseDynamicValue(DocumentParser.java:616)
	at org.elasticsearch.index.mapper.DocumentParser.parseValue(DocumentParser.java:444)
	at org.elasticsearch.index.mapper.DocumentParser.parseObject(DocumentParser.java:264)
	at org.elasticsearch.index.mapper.DocumentParser.parseDocument(DocumentParser.java:124)
	at org.elasticsearch.index.mapper.DocumentMapper.parse(DocumentMapper.java:309)
	at org.elasticsearch.index.shard.IndexShard.prepareIndex(IndexShard.java:580)
	at org.elasticsearch.index.shard.IndexShard.prepareIndexOnPrimary(IndexShard.java:559)
	at org.elasticsearch.action.index.TransportIndexAction.prepareIndexOperationOnPrimary(TransportIndexAction.java:211)
	at org.elasticsearch.action.index.TransportIndexAction.executeIndexRequestOnPrimary(TransportIndexAction.java:223)
	at org.elasticsearch.action.index.TransportIndexAction.shardOperationOnPrimary(TransportIndexAction.java:157)
	at org.elasticsearch.action.index.TransportIndexAction.shardOperationOnPrimary(TransportIndexAction.java:66)
	at org.elasticsearch.action.support.replication.TransportReplicationAction$PrimaryPhase.doRun(TransportReplicationAction.java:648)
	at org.elasticsearch.common.util.concurrent.AbstractRunnable.run(AbstractRunnable.java:37)
	at org.elasticsearch.action.support.replication.TransportReplicationAction$PrimaryOperationTransportHandler.messageReceived(TransportReplicationAction.java:279)
	at org.elasticsearch.action.support.replication.TransportReplicationAction$PrimaryOperationTransportHandler.messageReceived(TransportReplicationAction.java:271)
	at org.elasticsearch.transport.RequestHandlerRegistry.processMessageReceived(RequestHandlerRegistry.java:77)
	at org.elasticsearch.transport.TransportService$4.doRun(TransportService.java:376)
	at org.elasticsearch.common.util.concurrent.AbstractRunnable.run(AbstractRunnable.java:37)
	at java.util.concurrent.ThreadPoolExecutor.runWorker(ThreadPoolExecutor.java:1149)
	at java.util.concurrent.ThreadPoolExecutor$Worker.run(ThreadPoolExecutor.java:624)
	at java.lang.Thread.run(Thread.java:748)
[2018-06-16 07:27:14,222][DEBUG][action.index             ] [Stuntmaster] failed to execute [index {[ssk][scenario][AWP9ajtFP22ArcfgM5g8], source[{"query":{"has_child" : {"type" : "scenario_metadata","query" : {"match_all": {}},"inner_hits" : {} }},"_source":false}"]}] on [[ssk][3]]
MapperParsingException[Cannot generate dynamic mappings of type [_source] for [_source]]
	at org.elasticsearch.index.mapper.DocumentParser.createBuilderFromFieldType(DocumentParser.java:506)
	at org.elasticsearch.index.mapper.DocumentParser.parseDynamicValue(DocumentParser.java:616)
	at org.elasticsearch.index.mapper.DocumentParser.parseValue(DocumentParser.java:444)
	at org.elasticsearch.index.mapper.DocumentParser.parseObject(DocumentParser.java:264)
	at org.elasticsearch.index.mapper.DocumentParser.parseDocument(DocumentParser.java:124)
	at org.elasticsearch.index.mapper.DocumentMapper.parse(DocumentMapper.java:309)
	at org.elasticsearch.index.shard.IndexShard.prepareIndex(IndexShard.java:580)
	at org.elasticsearch.index.shard.IndexShard.prepareIndexOnPrimary(IndexShard.java:559)
	at org.elasticsearch.action.index.TransportIndexAction.prepareIndexOperationOnPrimary(TransportIndexAction.java:211)
	at org.elasticsearch.action.index.TransportIndexAction.executeIndexRequestOnPrimary(TransportIndexAction.java:223)
	at org.elasticsearch.action.index.TransportIndexAction.shardOperationOnPrimary(TransportIndexAction.java:157)
	at org.elasticsearch.action.index.TransportIndexAction.shardOperationOnPrimary(TransportIndexAction.java:66)
	at org.elasticsearch.action.support.replication.TransportReplicationAction$PrimaryPhase.doRun(TransportReplicationAction.java:648)
	at org.elasticsearch.common.util.concurrent.AbstractRunnable.run(AbstractRunnable.java:37)
	at org.elasticsearch.action.support.replication.TransportReplicationAction$PrimaryOperationTransportHandler.messageReceived(TransportReplicationAction.java:279)
	at org.elasticsearch.action.support.replication.TransportReplicationAction$PrimaryOperationTransportHandler.messageReceived(TransportReplicationAction.java:271)
	at org.elasticsearch.transport.RequestHandlerRegistry.processMessageReceived(RequestHandlerRegistry.java:77)
	at org.elasticsearch.transport.TransportService$4.doRun(TransportService.java:376)
	at org.elasticsearch.common.util.concurrent.AbstractRunnable.run(AbstractRunnable.java:37)
	at java.util.concurrent.ThreadPoolExecutor.runWorker(ThreadPoolExecutor.java:1149)
	at java.util.concurrent.ThreadPoolExecutor$Worker.run(ThreadPoolExecutor.java:624)
	at java.lang.Thread.run(Thread.java:748)
[2018-06-16 07:27:14,530][DEBUG][action.index             ] [Stuntmaster] failed to execute [index {[ssk][scenario][AWP9a7AiP22ArcfgM5jj], source[{"query":{"has_child" : {"type" : "scenario_metadata","query" : {"match_all": {}},"inner_hits" : {} }},"_source":false}"]}] on [[ssk][3]]
MapperParsingException[Cannot generate dynamic mappings of type [_source] for [_source]]
	at org.elasticsearch.index.mapper.DocumentParser.createBuilderFromFieldType(DocumentParser.java:506)
	at org.elasticsearch.index.mapper.DocumentParser.parseDynamicValue(DocumentParser.java:616)
	at org.elasticsearch.index.mapper.DocumentParser.parseValue(DocumentParser.java:444)
	at org.elasticsearch.index.mapper.DocumentParser.parseObject(DocumentParser.java:264)
	at org.elasticsearch.index.mapper.DocumentParser.parseDocument(DocumentParser.java:124)
	at org.elasticsearch.index.mapper.DocumentMapper.parse(DocumentMapper.java:309)
	at org.elasticsearch.index.shard.IndexShard.prepareIndex(IndexShard.java:580)
	at org.elasticsearch.index.shard.IndexShard.prepareIndexOnPrimary(IndexShard.java:559)
	at org.elasticsearch.action.index.TransportIndexAction.prepareIndexOperationOnPrimary(TransportIndexAction.java:211)
	at org.elasticsearch.action.index.TransportIndexAction.executeIndexRequestOnPrimary(TransportIndexAction.java:223)
	at org.elasticsearch.action.index.TransportIndexAction.shardOperationOnPrimary(TransportIndexAction.java:157)
	at org.elasticsearch.action.index.TransportIndexAction.shardOperationOnPrimary(TransportIndexAction.java:66)
	at org.elasticsearch.action.support.replication.TransportReplicationAction$PrimaryPhase.doRun(TransportReplicationAction.java:648)
	at org.elasticsearch.common.util.concurrent.AbstractRunnable.run(AbstractRunnable.java:37)
	at org.elasticsearch.action.support.replication.TransportReplicationAction$PrimaryOperationTransportHandler.messageReceived(TransportReplicationAction.java:279)
	at org.elasticsearch.action.support.replication.TransportReplicationAction$PrimaryOperationTransportHandler.messageReceived(TransportReplicationAction.java:271)
	at org.elasticsearch.transport.RequestHandlerRegistry.processMessageReceived(RequestHandlerRegistry.java:77)
	at org.elasticsearch.transport.TransportService$4.doRun(TransportService.java:376)
	at org.elasticsearch.common.util.concurrent.AbstractRunnable.run(AbstractRunnable.java:37)
	at java.util.concurrent.ThreadPoolExecutor.runWorker(ThreadPoolExecutor.java:1149)
	at java.util.concurrent.ThreadPoolExecutor$Worker.run(ThreadPoolExecutor.java:624)
	at java.lang.Thread.run(Thread.java:748)
[2018-06-16 07:31:54,209][DEBUG][action.index             ] [Stuntmaster] failed to execute [index {[ssk][scenario][AWP9aSC3P22ArcfgM5fN], source[{"query":{"has_child" : {"type" : "scenario_metadata","query" : {"match_all": {}},"inner_hits" : {} }},"_source":false}"]}] on [[ssk][2]]
MapperParsingException[Cannot generate dynamic mappings of type [_source] for [_source]]
	at org.elasticsearch.index.mapper.DocumentParser.createBuilderFromFieldType(DocumentParser.java:506)
	at org.elasticsearch.index.mapper.DocumentParser.parseDynamicValue(DocumentParser.java:616)
	at org.elasticsearch.index.mapper.DocumentParser.parseValue(DocumentParser.java:444)
	at org.elasticsearch.index.mapper.DocumentParser.parseObject(DocumentParser.java:264)
	at org.elasticsearch.index.mapper.DocumentParser.parseDocument(DocumentParser.java:124)
	at org.elasticsearch.index.mapper.DocumentMapper.parse(DocumentMapper.java:309)
	at org.elasticsearch.index.shard.IndexShard.prepareIndex(IndexShard.java:580)
	at org.elasticsearch.index.shard.IndexShard.prepareIndexOnPrimary(IndexShard.java:559)
	at org.elasticsearch.action.index.TransportIndexAction.prepareIndexOperationOnPrimary(TransportIndexAction.java:211)
	at org.elasticsearch.action.index.TransportIndexAction.executeIndexRequestOnPrimary(TransportIndexAction.java:223)
	at org.elasticsearch.action.index.TransportIndexAction.shardOperationOnPrimary(TransportIndexAction.java:157)
	at org.elasticsearch.action.index.TransportIndexAction.shardOperationOnPrimary(TransportIndexAction.java:66)
	at org.elasticsearch.action.support.replication.TransportReplicationAction$PrimaryPhase.doRun(TransportReplicationAction.java:648)
	at org.elasticsearch.common.util.concurrent.AbstractRunnable.run(AbstractRunnable.java:37)
	at org.elasticsearch.action.support.replication.TransportReplicationAction$PrimaryOperationTransportHandler.messageReceived(TransportReplicationAction.java:279)
	at org.elasticsearch.action.support.replication.TransportReplicationAction$PrimaryOperationTransportHandler.messageReceived(TransportReplicationAction.java:271)
	at org.elasticsearch.transport.RequestHandlerRegistry.processMessageReceived(RequestHandlerRegistry.java:77)
	at org.elasticsearch.transport.TransportService$4.doRun(TransportService.java:376)
	at org.elasticsearch.common.util.concurrent.AbstractRunnable.run(AbstractRunnable.java:37)
	at java.util.concurrent.ThreadPoolExecutor.runWorker(ThreadPoolExecutor.java:1149)
	at java.util.concurrent.ThreadPoolExecutor$Worker.run(ThreadPoolExecutor.java:624)
	at java.lang.Thread.run(Thread.java:748)
[2018-06-16 07:33:10,176][DEBUG][action.index             ] [Stuntmaster] failed to execute [index {[ssk][scenario][AWP9a4NgP22ArcfgM5jL], source[{"query":{"has_child" : {"type" : "scenario_metadata","query" : {"match_all": {}},"inner_hits" : {} }},"_source":false}"]}] on [[ssk][1]]
MapperParsingException[Cannot generate dynamic mappings of type [_source] for [_source]]
	at org.elasticsearch.index.mapper.DocumentParser.createBuilderFromFieldType(DocumentParser.java:506)
	at org.elasticsearch.index.mapper.DocumentParser.parseDynamicValue(DocumentParser.java:616)
	at org.elasticsearch.index.mapper.DocumentParser.parseValue(DocumentParser.java:444)
	at org.elasticsearch.index.mapper.DocumentParser.parseObject(DocumentParser.java:264)
	at org.elasticsearch.index.mapper.DocumentParser.parseDocument(DocumentParser.java:124)
	at org.elasticsearch.index.mapper.DocumentMapper.parse(DocumentMapper.java:309)
	at org.elasticsearch.index.shard.IndexShard.prepareIndex(IndexShard.java:580)
	at org.elasticsearch.index.shard.IndexShard.prepareIndexOnPrimary(IndexShard.java:559)
	at org.elasticsearch.action.index.TransportIndexAction.prepareIndexOperationOnPrimary(TransportIndexAction.java:211)
	at org.elasticsearch.action.index.TransportIndexAction.executeIndexRequestOnPrimary(TransportIndexAction.java:223)
	at org.elasticsearch.action.index.TransportIndexAction.shardOperationOnPrimary(TransportIndexAction.java:157)
	at org.elasticsearch.action.index.TransportIndexAction.shardOperationOnPrimary(TransportIndexAction.java:66)
	at org.elasticsearch.action.support.replication.TransportReplicationAction$PrimaryPhase.doRun(TransportReplicationAction.java:648)
	at org.elasticsearch.common.util.concurrent.AbstractRunnable.run(AbstractRunnable.java:37)
	at org.elasticsearch.action.support.replication.TransportReplicationAction$PrimaryOperationTransportHandler.messageReceived(TransportReplicationAction.java:279)
	at org.elasticsearch.action.support.replication.TransportReplicationAction$PrimaryOperationTransportHandler.messageReceived(TransportReplicationAction.java:271)
	at org.elasticsearch.transport.RequestHandlerRegistry.processMessageReceived(RequestHandlerRegistry.java:77)
	at org.elasticsearch.transport.TransportService$4.doRun(TransportService.java:376)
	at org.elasticsearch.common.util.concurrent.AbstractRunnable.run(AbstractRunnable.java:37)
	at java.util.concurrent.ThreadPoolExecutor.runWorker(ThreadPoolExecutor.java:1149)
	at java.util.concurrent.ThreadPoolExecutor$Worker.run(ThreadPoolExecutor.java:624)
	at java.lang.Thread.run(Thread.java:748)
